<?xml version="1.0" encoding="UTF-8"?>
<!-- Generated by org.testng.reporters.JUnitReportReporter -->
<testsuite ignored="0" hostname="DESKTOP-63IQPQG" failures="0" tests="1" name="loginSuite.TC01_Login" time="1.972" errors="0" timestamp="07 may. 2022 13:05:44 GMT" skipped="0">
  <testcase classname="loginSuite.TC01_Login" name="TC_01" time="1.972"/>
</testsuite> <!-- loginSuite.TC01_Login -->
