<?xml version="1.0" encoding="UTF-8"?>
<!-- Generated by org.testng.reporters.JUnitReportReporter -->
<testsuite ignored="0" hostname="DESKTOP-63IQPQG" failures="0" tests="1" name="loginSuite.TC02_Logout" time="2.761" errors="0" timestamp="30 abr. 2022 17:05:35 GMT" skipped="0">
  <testcase classname="loginSuite.TC02_Logout" name="TC_02" time="2.761"/>
</testsuite> <!-- loginSuite.TC02_Logout -->
