<?xml version="1.0" encoding="UTF-8"?>
<!-- Generated by org.testng.reporters.JUnitReportReporter -->
<testsuite ignored="0" hostname="DESKTOP-63IQPQG" failures="0" tests="1" name="directorySuite.TC_SearchResults" time="16.959" errors="0" timestamp="07 may. 2022 13:39:26 GMT" skipped="0">
  <testcase classname="directorySuite.TC_SearchResults" name="TC_NameValidation" time="16.959"/>
</testsuite> <!-- directorySuite.TC_SearchResults -->
