<?xml version="1.0" encoding="UTF-8"?>
<!-- Generated by org.testng.reporters.JUnitReportReporter -->
<testsuite ignored="0" hostname="DESKTOP-63IQPQG" failures="0" tests="1" name="directorySearch.TC_SearchResults" time="16.767" errors="0" timestamp="06 may. 2022 00:53:08 GMT" skipped="0">
  <testcase classname="directorySearch.TC_SearchResults" name="TC_NameValidation" time="16.767"/>
</testsuite> <!-- directorySearch.TC_SearchResults -->
