<?xml version="1.0" encoding="UTF-8"?>
<!-- Generated by org.testng.reporters.JUnitReportReporter -->
<testsuite ignored="0" hostname="DESKTOP-63IQPQG" failures="0" tests="1" name="loginSuite.TC01_Login" time="1.920" errors="0" timestamp="30 abr. 2022 17:05:35 GMT" skipped="0">
  <testcase classname="loginSuite.TC01_Login" name="TC_01" time="1.920"/>
</testsuite> <!-- loginSuite.TC01_Login -->
