<?xml version="1.0" encoding="UTF-8"?>
<!-- Generated by org.testng.reporters.JUnitReportReporter -->
<testsuite ignored="0" hostname="DESKTOP-63IQPQG" failures="0" tests="1" name="directorySearch.TC_SearchResults" time="17.009" errors="0" timestamp="01 may. 2022 23:39:29 GMT" skipped="0">
  <testcase classname="directorySearch.TC_SearchResults" name="TC_NameValidation" time="17.009"/>
</testsuite> <!-- directorySearch.TC_SearchResults -->
