<?xml version="1.0" encoding="UTF-8"?>
<!-- Generated by org.testng.reporters.JUnitReportReporter -->
<testsuite ignored="1" hostname="DESKTOP-63IQPQG" failures="0" tests="1" name="loginSuite.TC_01" time="2.784" errors="0" timestamp="30 abr. 2022 16:22:54 GMT" skipped="0">
  <testcase classname="loginSuite.TC_01" name="TC_02" time="2.784"/>
  <testcase classname="loginSuite.TC_01" name="TC_01">
    <skipped/>
  </testcase> <!-- TC_01 -->
</testsuite> <!-- loginSuite.TC_01 -->
